<?xml version="1.0" encoding="UTF-8"?>
<coverage generated="1768380488435" clover="3.2.0">
  <project timestamp="1768380488435" name="All files">
    <metrics statements="25" coveredstatements="22" conditionals="18" coveredconditionals="15" methods="5" coveredmethods="5" elements="48" coveredelements="42" complexity="0" loc="25" ncloc="25" packages="1" files="3" classes="3"/>
    <file name="Calculator.ts" path="/Users/tamirjano/Documents/ts-jest-sample/src/services/Calculator.ts">
      <metrics statements="9" coveredstatements="8" conditionals="8" coveredconditionals="7" methods="2" coveredmethods="2"/>
      <line num="1" count="3" type="stmt"/>
      <line num="3" count="5" type="cond" truecount="4" falsecount="0"/>
      <line num="4" count="3" type="stmt"/>
      <line num="7" count="2" type="stmt"/>
      <line num="11" count="2" type="cond" truecount="2" falsecount="0"/>
      <line num="12" count="1" type="stmt"/>
      <line num="15" count="1" type="cond" truecount="1" falsecount="1"/>
      <line num="16" count="0" type="stmt"/>
      <line num="19" count="1" type="stmt"/>
    </file>
    <file name="DiscountService.ts" path="/Users/tamirjano/Documents/ts-jest-sample/src/services/DiscountService.ts">
      <metrics statements="8" coveredstatements="7" conditionals="8" coveredconditionals="7" methods="1" coveredmethods="1"/>
      <line num="1" count="3" type="stmt"/>
      <line num="3" count="6" type="cond" truecount="1" falsecount="1"/>
      <line num="4" count="0" type="stmt"/>
      <line num="7" count="6" type="cond" truecount="4" falsecount="0"/>
      <line num="8" count="3" type="stmt"/>
      <line num="11" count="3" type="cond" truecount="2" falsecount="0"/>
      <line num="12" count="1" type="stmt"/>
      <line num="15" count="2" type="stmt"/>
    </file>
    <file name="OrderService.ts" path="/Users/tamirjano/Documents/ts-jest-sample/src/services/OrderService.ts">
      <metrics statements="8" coveredstatements="7" conditionals="2" coveredconditionals="1" methods="2" coveredmethods="2"/>
      <line num="4" count="2" type="stmt"/>
      <line num="6" count="2" type="stmt"/>
      <line num="7" count="2" type="stmt"/>
      <line num="11" count="3" type="stmt"/>
      <line num="12" count="3" type="stmt"/>
      <line num="14" count="1" type="cond" truecount="1" falsecount="1"/>
      <line num="15" count="0" type="stmt"/>
      <line num="18" count="1" type="stmt"/>
    </file>
  </project>
</coverage>
