TN:
SF:src/services/Calculator.ts
FN:2,(anonymous_0)
FN:10,(anonymous_1)
FNF:2
FNH:2
FNDA:5,(anonymous_0)
FNDA:2,(anonymous_1)
DA:1,3
DA:3,5
DA:4,3
DA:7,2
DA:11,2
DA:12,1
DA:15,1
DA:16,0
DA:19,1
LF:9
LH:8
BRDA:3,0,0,3
BRDA:3,0,1,2
BRDA:3,1,0,5
BRDA:3,1,1,4
BRDA:11,2,0,1
BRDA:11,2,1,1
BRDA:15,3,0,0
BRDA:15,3,1,1
BRF:8
BRH:7
end_of_record
TN:
SF:src/services/DiscountService.ts
FN:2,(anonymous_0)
FNF:1
FNH:1
FNDA:6,(anonymous_0)
DA:1,3
DA:3,6
DA:4,0
DA:7,6
DA:8,3
DA:11,3
DA:12,1
DA:15,2
LF:8
LH:7
BRDA:3,0,0,0
BRDA:3,0,1,6
BRDA:7,1,0,3
BRDA:7,1,1,3
BRDA:7,2,0,6
BRDA:7,2,1,3
BRDA:11,3,0,1
BRDA:11,3,1,2
BRF:8
BRH:7
end_of_record
TN:
SF:src/services/OrderService.ts
FN:5,(anonymous_0)
FN:10,(anonymous_1)
FNF:2
FNH:2
FNDA:2,(anonymous_0)
FNDA:3,(anonymous_1)
DA:4,2
DA:6,2
DA:7,2
DA:11,3
DA:12,3
DA:14,1
DA:15,0
DA:18,1
LF:8
LH:7
BRDA:14,0,0,0
BRDA:14,0,1,1
BRF:2
BRH:1
end_of_record
